<?xml version="1.0" encoding="UTF-8"?>
<testsuite xmlns:xsi="http://www.w3.org/2001/XMLSchema-instance" xsi:noNamespaceSchemaLocation="https://maven.apache.org/surefire/maven-surefire-plugin/xsd/surefire-test-report-3.0.xsd" version="3.0" name="com.br.monitoria.software.SoftwareApplicationTests" time="4.109" tests="1" errors="0" skipped="0" failures="0">
  <properties>
[...]
</properties>
  <testcase name="contextLoads" classname="com.br.monitoria.software.SoftwareApplicationTests" time="1.068">
    <system-out><![CDATA[Standard Commons Logging discovery in action with spring-jcl: please remove commons-logging.jar from classpath in order to avoid potential conflicts
22:06:41.750 [main] INFO org.springframework.test.context.support.AnnotationConfigContextLoaderUtils -- Could not detect default configuration classes for test class [com.br.monitoria.software.SoftwareApplicationTests]: SoftwareApplicationTests does not declare any static, non-private, non-final, nested classes annotated with @Configuration.
22:06:41.926 [main] INFO org.springframework.boot.test.context.SpringBootTestContextBootstrapper -- Found @SpringBootConfiguration com.br.monitoria.software.SoftwareApplication for test class com.br.monitoria.software.SoftwareApplicationTests
22:06:42.229 [main] INFO org.springframework.boot.devtools.restart.RestartApplicationListener -- Restart disabled due to context in which it is running

  .   ____          _            __ _ _
 /\\ / ___'_ __ _ _(_)_ __  __ _ \ \ \ \
( ( )\___ | '_ | '_| | '_ \/ _` | \ \ \ \
 \\/  ___)| |_)| | | | | || (_| |  ) ) ) )
  '  |____| .__|_| |_|_| |_\__, | / / / /
 =========|_|==============|___/=/_/_/_/

 :: Spring Boot ::                (v3.3.5)

2024-11-26T22:06:42.602-03:00  INFO 15044 --- [software] [           main] c.b.m.software.SoftwareApplicationTests  : Starting SoftwareApplicationTests using Java 17.0.12 with PID 15044 (started by carlo in C:\Users\carlo\Documents\MonitoriaArquitetura\software)
2024-11-26T22:06:42.604-03:00  INFO 15044 --- [software] [           main] c.b.m.software.SoftwareApplicationTests  : No active profile set, falling back to 1 default profile: "default"
2024-11-26T22:06:44.538-03:00  INFO 15044 --- [software] [           main] c.b.m.software.SoftwareApplicationTests  : Started SoftwareApplicationTests in 2.328 seconds (process running for 3.693)
]]></system-out>
  </testcase>
</testsuite>